d:\machine vision\qtwidgetsapplication1\qtwidgetsapplication1\x64\debug\qrc_qtwidgetsapplication1.obj
d:\machine vision\qtwidgetsapplication1\qtwidgetsapplication1\x64\debug\moc_qtwidgetsapplication1.obj
d:\machine vision\qtwidgetsapplication1\qtwidgetsapplication1\x64\debug\qtwidgetsapplication1.obj
d:\machine vision\qtwidgetsapplication1\qtwidgetsapplication1\x64\debug\main.obj
d:\machine vision\qtwidgetsapplication1\qtwidgetsapplication1\x64\debug\drawrect.obj
d:\machine vision\qtwidgetsapplication1\qtwidgetsapplication1\x64\debug\moc_drawrect.obj
d:\machine vision\qtwidgetsapplication1\qtwidgetsapplication1\x64\debug\vc142.pdb
d:\machine vision\qtwidgetsapplication1\qtwidgetsapplication1\x64\debug\detectline.obj
d:\machine vision\qtwidgetsapplication1\qtwidgetsapplication1\x64\debug\mylabel.obj
d:\machine vision\qtwidgetsapplication1\qtwidgetsapplication1\x64\debug\mvcamera.obj
d:\machine vision\qtwidgetsapplication1\qtwidgetsapplication1\x64\debug\detect.obj
d:\machine vision\qtwidgetsapplication1\qtwidgetsapplication1\x64\debug\moc_mylabel.obj
d:\machine vision\qtwidgetsapplication1\x64\debug\qtwidgetsapplication1.exe
d:\machine vision\qtwidgetsapplication1\x64\debug\qtwidgetsapplication1.ilk
d:\machine vision\qtwidgetsapplication1\x64\debug\qtwidgetsapplication1.pdb
d:\machine vision\qtwidgetsapplication1\qtwidgetsapplication1\x64\debug\moc\moc_qtwidgetsapplication1.cpp
d:\machine vision\qtwidgetsapplication1\qtwidgetsapplication1\x64\debug\moc\moc_mylabel.cpp
d:\machine vision\qtwidgetsapplication1\qtwidgetsapplication1\x64\debug\uic\ui_qtwidgetsapplication1.h
d:\machine vision\qtwidgetsapplication1\qtwidgetsapplication1\x64\debug\rcc\qrc_qtwidgetsapplication1.cpp
d:\machine vision\qtwidgetsapplication1\qtwidgetsapplication1\x64\debug\moc\moc_drawrect.cpp
d:\machine vision\qtwidgetsapplication1\qtwidgetsapplication1\x64\debug\qtwidgetsapplication1.res
d:\machine vision\qtwidgetsapplication1\qtwidgetsapplication1\x64\debug\uic\.\ui_qtwidgetsapplication1.h
d:\machine vision\qtwidgetsapplication1\qtwidgetsapplication1\x64\debug\qtwidget.5bca0054.tlog\cl.command.1.tlog
d:\machine vision\qtwidgetsapplication1\qtwidgetsapplication1\x64\debug\qtwidget.5bca0054.tlog\cl.read.1.tlog
d:\machine vision\qtwidgetsapplication1\qtwidgetsapplication1\x64\debug\qtwidget.5bca0054.tlog\cl.write.1.tlog
d:\machine vision\qtwidgetsapplication1\qtwidgetsapplication1\x64\debug\qtwidget.5bca0054.tlog\link.command.1.tlog
d:\machine vision\qtwidgetsapplication1\qtwidgetsapplication1\x64\debug\qtwidget.5bca0054.tlog\link.read.1.tlog
d:\machine vision\qtwidgetsapplication1\qtwidgetsapplication1\x64\debug\qtwidget.5bca0054.tlog\link.write.1.tlog
d:\machine vision\qtwidgetsapplication1\qtwidgetsapplication1\x64\debug\qtwidget.5bca0054.tlog\moc.read.1u.tlog
d:\machine vision\qtwidgetsapplication1\qtwidgetsapplication1\x64\debug\qtwidget.5bca0054.tlog\moc.write.1u.tlog
d:\machine vision\qtwidgetsapplication1\qtwidgetsapplication1\x64\debug\qtwidget.5bca0054.tlog\qtwidgetsapplication1.write.1u.tlog
d:\machine vision\qtwidgetsapplication1\qtwidgetsapplication1\x64\debug\qtwidget.5bca0054.tlog\rc.command.1.tlog
d:\machine vision\qtwidgetsapplication1\qtwidgetsapplication1\x64\debug\qtwidget.5bca0054.tlog\rc.read.1.tlog
d:\machine vision\qtwidgetsapplication1\qtwidgetsapplication1\x64\debug\qtwidget.5bca0054.tlog\rc.write.1.tlog
d:\machine vision\qtwidgetsapplication1\qtwidgetsapplication1\x64\debug\qtwidget.5bca0054.tlog\rcc.read.1u.tlog
d:\machine vision\qtwidgetsapplication1\qtwidgetsapplication1\x64\debug\qtwidget.5bca0054.tlog\rcc.write.1u.tlog
d:\machine vision\qtwidgetsapplication1\qtwidgetsapplication1\x64\debug\qtwidget.5bca0054.tlog\uic.read.1u.tlog
d:\machine vision\qtwidgetsapplication1\qtwidgetsapplication1\x64\debug\qtwidget.5bca0054.tlog\uic.write.1u.tlog
