d:\machine vision\qtwidgetsapplication1\qtwidgetsapplication1\x64\release\main.obj
d:\machine vision\qtwidgetsapplication1\qtwidgetsapplication1\x64\release\qtwidgetsapplication1.obj
d:\machine vision\qtwidgetsapplication1\qtwidgetsapplication1\x64\release\moc_qtwidgetsapplication1.obj
d:\machine vision\qtwidgetsapplication1\qtwidgetsapplication1\x64\release\qrc_qtwidgetsapplication1.obj
d:\machine vision\qtwidgetsapplication1\qtwidgetsapplication1\x64\release\mylabel.obj
d:\machine vision\qtwidgetsapplication1\qtwidgetsapplication1\x64\release\detect.obj
d:\machine vision\qtwidgetsapplication1\qtwidgetsapplication1\x64\release\mvcamera.obj
d:\machine vision\qtwidgetsapplication1\qtwidgetsapplication1\x64\release\moc_mylabel.obj
d:\machine vision\qtwidgetsapplication1\x64\release\qtwidgetsapplication1.exe
d:\machine vision\qtwidgetsapplication1\qtwidgetsapplication1\x64\release\moc\moc_qtwidgetsapplication1.cpp
d:\machine vision\qtwidgetsapplication1\qtwidgetsapplication1\x64\release\moc\moc_mylabel.cpp
d:\machine vision\qtwidgetsapplication1\qtwidgetsapplication1\x64\release\uic\ui_qtwidgetsapplication1.h
d:\machine vision\qtwidgetsapplication1\qtwidgetsapplication1\x64\release\rcc\qrc_qtwidgetsapplication1.cpp
d:\machine vision\qtwidgetsapplication1\qtwidgetsapplication1\x64\release\qtwidgetsapplication1.res
d:\machine vision\qtwidgetsapplication1\qtwidgetsapplication1\x64\release\qtwidget.5bca0054.tlog\cl.command.1.tlog
d:\machine vision\qtwidgetsapplication1\qtwidgetsapplication1\x64\release\qtwidget.5bca0054.tlog\cl.read.1.tlog
d:\machine vision\qtwidgetsapplication1\qtwidgetsapplication1\x64\release\qtwidget.5bca0054.tlog\cl.write.1.tlog
d:\machine vision\qtwidgetsapplication1\qtwidgetsapplication1\x64\release\qtwidget.5bca0054.tlog\link.command.1.tlog
d:\machine vision\qtwidgetsapplication1\qtwidgetsapplication1\x64\release\qtwidget.5bca0054.tlog\link.read.1.tlog
d:\machine vision\qtwidgetsapplication1\qtwidgetsapplication1\x64\release\qtwidget.5bca0054.tlog\link.write.1.tlog
d:\machine vision\qtwidgetsapplication1\qtwidgetsapplication1\x64\release\qtwidget.5bca0054.tlog\moc.read.1u.tlog
d:\machine vision\qtwidgetsapplication1\qtwidgetsapplication1\x64\release\qtwidget.5bca0054.tlog\moc.write.1u.tlog
d:\machine vision\qtwidgetsapplication1\qtwidgetsapplication1\x64\release\qtwidget.5bca0054.tlog\qtwidgetsapplication1.write.1u.tlog
d:\machine vision\qtwidgetsapplication1\qtwidgetsapplication1\x64\release\qtwidget.5bca0054.tlog\rc.command.1.tlog
d:\machine vision\qtwidgetsapplication1\qtwidgetsapplication1\x64\release\qtwidget.5bca0054.tlog\rc.read.1.tlog
d:\machine vision\qtwidgetsapplication1\qtwidgetsapplication1\x64\release\qtwidget.5bca0054.tlog\rc.write.1.tlog
d:\machine vision\qtwidgetsapplication1\qtwidgetsapplication1\x64\release\qtwidget.5bca0054.tlog\rcc.read.1u.tlog
d:\machine vision\qtwidgetsapplication1\qtwidgetsapplication1\x64\release\qtwidget.5bca0054.tlog\rcc.write.1u.tlog
d:\machine vision\qtwidgetsapplication1\qtwidgetsapplication1\x64\release\qtwidget.5bca0054.tlog\uic.read.1u.tlog
d:\machine vision\qtwidgetsapplication1\qtwidgetsapplication1\x64\release\qtwidget.5bca0054.tlog\uic.write.1u.tlog
